# JRE version: OpenJDK Runtime Environment (11.0.11+9) (build 11.0.11+9-b60-7590822)
# Java VM: OpenJDK 64-Bit Server VM (11.0.11+9-b60-7590822, mixed mode, tiered, compressed oops, g1 gc, windows-amd64)
Heap:
 garbage-first heap   total 336896K, used 191076K [0x0000000080000000, 0x0000000100000000)
  region size 1024K, 93 young (95232K), 20 survivors (20480K)
 Metaspace       used 120773K, capacity 123758K, committed 123828K, reserved 1157120K
  class space    used 15174K, capacity 16320K, committed 16384K, reserved 1048576K
GC Heap History (20 events):
Event: 5.385 GC heap before
{Heap before GC invocations=12 (full 0):
 garbage-first heap   total 233472K, used 105038K [0x0000000080000000, 0x0000000100000000)
  region size 1024K, 85 young (87040K), 6 survivors (6144K)
 Metaspace       used 41253K, capacity 42195K, committed 42492K, reserved 1085440K
  class space    used 5324K, capacity 5671K, committed 5760K, reserved 1048576K
}
Event: 5.401 GC heap after
{Heap after GC invocations=13 (full 0):
 garbage-first heap   total 233472K, used 27252K [0x0000000080000000, 0x0000000100000000)
  region size 1024K, 11 young (11264K), 11 survivors (11264K)
 Metaspace       used 41253K, capacity 42195K, committed 42492K, reserved 1085440K
  class space    used 5324K, capacity 5671K, committed 5760K, reserved 1048576K
}
Event: 8.622 GC heap before
{Heap before GC invocations=13 (full 0):
 garbage-first heap   total 233472K, used 126580K [0x0000000080000000, 0x0000000100000000)
  region size 1024K, 104 young (106496K), 11 survivors (11264K)
 Metaspace       used 47723K, capacity 48966K, committed 49148K, reserved 1091584K
  class space    used 6067K, capacity 6490K, committed 6528K, reserved 1048576K
}
Event: 8.645 GC heap after
{Heap after GC invocations=14 (full 0):
 garbage-first heap   total 280576K, used 39927K [0x0000000080000000, 0x0000000100000000)
  region size 1024K, 13 young (13312K), 13 survivors (13312K)
 Metaspace       used 47723K, capacity 48966K, committed 49148K, reserved 1091584K
  class space    used 6067K, capacity 6490K, committed 6528K, reserved 1048576K
}
Event: 10.264 GC heap before
{Heap before GC invocations=14 (full 0):
 garbage-first heap   total 280576K, used 112631K [0x0000000080000000, 0x0000000100000000)
  region size 1024K, 85 young (87040K), 13 survivors (13312K)
 Metaspace       used 58359K, capacity 59759K, committed 59940K, reserved 1101824K
  class space    used 7336K, capacity 7856K, committed 7936K, reserved 1048576K
}
Event: 10.281 GC heap after
{Heap after GC invocations=15 (full 0):
 garbage-first heap   total 280576K, used 43365K [0x0000000080000000, 0x0000000100000000)
  region size 1024K, 12 young (12288K), 12 survivors (12288K)
 Metaspace       used 58359K, capacity 59759K, committed 59940K, reserved 1101824K
  class space    used 7336K, capacity 7856K, committed 7936K, reserved 1048576K
}
Event: 11.678 GC heap before
{Heap before GC invocations=16 (full 0):
 garbage-first heap   total 280576K, used 162149K [0x0000000080000000, 0x0000000100000000)
  region size 1024K, 128 young (131072K), 12 survivors (12288K)
 Metaspace       used 69445K, capacity 71065K, committed 71332K, reserved 1112064K
  class space    used 8904K, capacity 9515K, committed 9600K, reserved 1048576K
}
Event: 11.704 GC heap after
{Heap after GC invocations=17 (full 0):
 garbage-first heap   total 280576K, used 53128K [0x0000000080000000, 0x0000000100000000)
  region size 1024K, 12 young (12288K), 12 survivors (12288K)
 Metaspace       used 69445K, capacity 71065K, committed 71332K, reserved 1112064K
  class space    used 8904K, capacity 9515K, committed 9600K, reserved 1048576K
}
Event: 14.002 GC heap before
{Heap before GC invocations=17 (full 0):
 garbage-first heap   total 280576K, used 184200K [0x0000000080000000, 0x0000000100000000)
  region size 1024K, 141 young (144384K), 12 survivors (12288K)
 Metaspace       used 81512K, capacity 83485K, committed 83748K, reserved 1122304K
  class space    used 10481K, capacity 11183K, committed 11264K, reserved 1048576K
}
Event: 14.036 GC heap after
{Heap after GC invocations=18 (full 0):
 garbage-first heap   total 280576K, used 63488K [0x0000000080000000, 0x0000000100000000)
  region size 1024K, 10 young (10240K), 10 survivors (10240K)
 Metaspace       used 81512K, capacity 83485K, committed 83748K, reserved 1122304K
  class space    used 10481K, capacity 11183K, committed 11264K, reserved 1048576K
}
Event: 16.014 GC heap before
{Heap before GC invocations=18 (full 0):
 garbage-first heap   total 280576K, used 219136K [0x0000000080000000, 0x0000000100000000)
  region size 1024K, 138 young (141312K), 10 survivors (10240K)
 Metaspace       used 83858K, capacity 85898K, committed 86052K, reserved 1124352K
  class space    used 10732K, capacity 11501K, committed 11520K, reserved 1048576K
}
Event: 16.050 GC heap after
{Heap after GC invocations=19 (full 0):
 garbage-first heap   total 280576K, used 82944K [0x0000000080000000, 0x0000000100000000)
  region size 1024K, 18 young (18432K), 18 survivors (18432K)
 Metaspace       used 83858K, capacity 85898K, committed 86052K, reserved 1124352K
  class space    used 10732K, capacity 11501K, committed 11520K, reserved 1048576K
}
Event: 20.113 GC heap before
{Heap before GC invocations=19 (full 0):
 garbage-first heap   total 280576K, used 198656K [0x0000000080000000, 0x0000000100000000)
  region size 1024K, 132 young (135168K), 18 survivors (18432K)
 Metaspace       used 89781K, capacity 91971K, committed 92196K, reserved 1130496K
  class space    used 11214K, capacity 11998K, committed 12032K, reserved 1048576K
}
Event: 20.139 GC heap after
{Heap after GC invocations=20 (full 0):
 garbage-first heap   total 336896K, used 85504K [0x0000000080000000, 0x0000000100000000)
  region size 1024K, 5 young (5120K), 5 survivors (5120K)
 Metaspace       used 89781K, capacity 91971K, committed 92196K, reserved 1130496K
  class space    used 11214K, capacity 11998K, committed 12032K, reserved 1048576K
}
Event: 24.498 GC heap before
{Heap before GC invocations=20 (full 0):
 garbage-first heap   total 336896K, used 226816K [0x0000000080000000, 0x0000000100000000)
  region size 1024K, 144 young (147456K), 5 survivors (5120K)
 Metaspace       used 94458K, capacity 96603K, committed 96804K, reserved 1134592K
  class space    used 11762K, capacity 12539K, committed 12544K, reserved 1048576K
}
Event: 24.515 GC heap after
{Heap after GC invocations=21 (full 0):
 garbage-first heap   total 336896K, used 92672K [0x0000000080000000, 0x0000000100000000)
  region size 1024K, 12 young (12288K), 12 survivors (12288K)
 Metaspace       used 94458K, capacity 96603K, committed 96804K, reserved 1134592K
  class space    used 11762K, capacity 12539K, committed 12544K, reserved 1048576K
}
Event: 27.211 GC heap before
{Heap before GC invocations=21 (full 0):
 garbage-first heap   total 336896K, used 127488K [0x0000000080000000, 0x0000000100000000)
  region size 1024K, 48 young (49152K), 12 survivors (12288K)
 Metaspace       used 98167K, capacity 100240K, committed 100328K, reserved 1136640K
  class space    used 12249K, capacity 13045K, committed 13056K, reserved 1048576K
}
Event: 27.229 GC heap after
{Heap after GC invocations=22 (full 0):
 garbage-first heap   total 336896K, used 95744K [0x0000000080000000, 0x0000000100000000)
  region size 1024K, 11 young (11264K), 11 survivors (11264K)
 Metaspace       used 98167K, capacity 100240K, committed 100328K, reserved 1136640K
  class space    used 12249K, capacity 13045K, committed 13056K, reserved 1048576K
}
Event: 31.115 GC heap before
{Heap before GC invocations=23 (full 0):
 garbage-first heap   total 336896K, used 247296K [0x0000000080000000, 0x0000000100000000)
  region size 1024K, 163 young (166912K), 11 survivors (11264K)
 Metaspace       used 115814K, capacity 118669K, committed 118708K, reserved 1153024K
  class space    used 14542K, capacity 15609K, committed 15616K, reserved 1048576K
}
Event: 31.152 GC heap after
{Heap after GC invocations=24 (full 0):
 garbage-first heap   total 336896K, used 97892K [0x0000000080000000, 0x0000000100000000)
  region size 1024K, 20 young (20480K), 20 survivors (20480K)
 Metaspace       used 115814K, capacity 118669K, committed 118708K, reserved 1153024K
  class space    used 14542K, capacity 15609K, committed 15616K, reserved 1048576K
}

